<?xml version="1.0" encoding="UTF-8"?>
<testng-results skipped="0" failed="0" ignored="0" total="1" passed="1">
  <reporter-output>
    <line>
      <![CDATA[Title is matching]]>
    </line>
  </reporter-output>
  <suite name="Default suite" duration-ms="51644" started-at="2017-02-26T15:38:33Z" finished-at="2017-02-26T15:39:24Z">
    <groups>
    </groups>
    <test name="Default test" duration-ms="51644" started-at="2017-02-26T15:38:33Z" finished-at="2017-02-26T15:39:24Z">
      <class name="script.VerifyLoginLogout">
        <test-method status="PASS" signature="precondition()[pri:0, instance:script.VerifyLoginLogout@675d3402]" name="precondition" is-config="true" duration-ms="36727" started-at="2017-02-26T21:08:33Z" finished-at="2017-02-26T21:09:10Z">
          <reporter-output>
          </reporter-output>
        </test-method> <!-- precondition -->
        <test-method status="PASS" signature="testVerifyLoginLogout()[pri:0, instance:script.VerifyLoginLogout@675d3402]" name="testVerifyLoginLogout" duration-ms="13085" started-at="2017-02-26T21:09:10Z" finished-at="2017-02-26T21:09:23Z">
          <reporter-output>
            <line>
              <![CDATA[Title is matching]]>
            </line>
          </reporter-output>
        </test-method> <!-- testVerifyLoginLogout -->
        <test-method status="PASS" signature="postcondition()[pri:0, instance:script.VerifyLoginLogout@675d3402]" name="postcondition" is-config="true" duration-ms="1812" started-at="2017-02-26T21:09:23Z" finished-at="2017-02-26T21:09:24Z">
          <reporter-output>
          </reporter-output>
        </test-method> <!-- postcondition -->
      </class> <!-- script.VerifyLoginLogout -->
    </test> <!-- Default test -->
  </suite> <!-- Default suite -->
</testng-results>
